<?xml version="1.0" encoding="UTF-8"?>
<coverage generated="1615787553220" clover="3.2.0">
  <project timestamp="1615787553220" name="All files">
    <metrics statements="62" coveredstatements="55" conditionals="24" coveredconditionals="19" methods="12" coveredmethods="10" elements="98" coveredelements="84" complexity="0" loc="62" ncloc="62" packages="1" files="1" classes="1"/>
    <file name="heirarchyView.js" path="/Users/kavita.kanthaliya/Desktop/appTreeHeirarchy/appTreeHeirarchy/force-app/main/default/lwc/heirarchyView/heirarchyView.js">
      <metrics statements="62" coveredstatements="55" conditionals="24" coveredconditionals="19" methods="12" coveredmethods="10"/>
      <line num="5" count="34" type="stmt"/>
      <line num="36" count="4" type="stmt"/>
      <line num="38" count="4" type="cond" truecount="2" falsecount="0"/>
      <line num="39" count="2" type="stmt"/>
      <line num="41" count="2" type="stmt"/>
      <line num="43" count="2" type="stmt"/>
      <line num="44" count="2" type="stmt"/>
      <line num="46" count="10" type="cond" truecount="2" falsecount="0"/>
      <line num="47" count="2" type="stmt"/>
      <line num="50" count="2" type="stmt"/>
      <line num="51" count="2" type="stmt"/>
      <line num="52" count="2" type="cond" truecount="2" falsecount="0"/>
      <line num="53" count="1" type="stmt"/>
      <line num="55" count="2" type="stmt"/>
      <line num="56" count="2" type="stmt"/>
      <line num="57" count="2" type="cond" truecount="1" falsecount="1"/>
      <line num="58" count="0" type="stmt"/>
      <line num="66" count="2" type="stmt"/>
      <line num="67" count="2" type="stmt"/>
      <line num="68" count="2" type="stmt"/>
      <line num="69" count="10" type="stmt"/>
      <line num="71" count="2" type="cond" truecount="1" falsecount="1"/>
      <line num="72" count="2" type="stmt"/>
      <line num="73" count="2" type="stmt"/>
      <line num="74" count="10" type="stmt"/>
      <line num="75" count="10" type="stmt"/>
      <line num="78" count="2" type="stmt"/>
      <line num="80" count="2" type="stmt"/>
      <line num="83" count="10" type="stmt"/>
      <line num="87" count="10" type="cond" truecount="2" falsecount="0"/>
      <line num="89" count="4" type="stmt"/>
      <line num="92" count="4" type="cond" truecount="1" falsecount="1"/>
      <line num="93" count="4" type="cond" truecount="2" falsecount="0"/>
      <line num="96" count="6" type="stmt"/>
      <line num="98" count="10" type="cond" truecount="1" falsecount="1"/>
      <line num="99" count="10" type="stmt"/>
      <line num="100" count="10" type="stmt"/>
      <line num="104" count="10" type="stmt"/>
      <line num="105" count="10" type="stmt"/>
      <line num="106" count="71" type="cond" truecount="2" falsecount="0"/>
      <line num="107" count="13" type="stmt"/>
      <line num="108" count="13" type="stmt"/>
      <line num="110" count="71" type="cond" truecount="2" falsecount="0"/>
      <line num="111" count="20" type="stmt"/>
      <line num="117" count="2" type="stmt"/>
      <line num="118" count="2" type="stmt"/>
      <line num="119" count="2" type="stmt"/>
      <line num="120" count="3" type="stmt"/>
      <line num="121" count="3" type="stmt"/>
      <line num="124" count="2" type="stmt"/>
      <line num="125" count="2" type="stmt"/>
      <line num="133" count="0" type="stmt"/>
      <line num="134" count="0" type="stmt"/>
      <line num="135" count="0" type="stmt"/>
      <line num="142" count="0" type="stmt"/>
      <line num="143" count="0" type="stmt"/>
      <line num="144" count="0" type="stmt"/>
      <line num="151" count="1" type="stmt"/>
      <line num="154" count="1" type="cond" truecount="1" falsecount="1"/>
      <line num="155" count="1" type="stmt"/>
      <line num="156" count="5" type="stmt"/>
      <line num="159" count="1" type="stmt"/>
    </file>
  </project>
</coverage>
