{"/Users/kavita.kanthaliya/Desktop/appTreeHeirarchy/appTreeHeirarchy/force-app/main/default/lwc/heirarchyView/heirarchyView.js": {"path":"/Users/kavita.kanthaliya/Desktop/appTreeHeirarchy/appTreeHeirarchy/force-app/main/default/lwc/heirarchyView/heirarchyView.js","statementMap":{"0":{"start":{"line":5,"column":60},"end":{"line":5,"column":null}},"1":{"start":{"line":36,"column":8},"end":{"line":36,"column":null}},"2":{"start":{"line":38,"column":8},"end":{"line":59,"column":null}},"3":{"start":{"line":39,"column":12},"end":{"line":39,"column":null}},"4":{"start":{"line":41,"column":12},"end":{"line":41,"column":31}},"5":{"start":{"line":43,"column":30},"end":{"line":43,"column":34}},"6":{"start":{"line":44,"column":12},"end":{"line":44,"column":23}},"7":{"start":{"line":46,"column":16},"end":{"line":48,"column":null}},"8":{"start":{"line":47,"column":20},"end":{"line":47,"column":27}},"9":{"start":{"line":50,"column":12},"end":{"line":50,"column":null}},"10":{"start":{"line":51,"column":12},"end":{"line":51,"column":33}},"11":{"start":{"line":52,"column":12},"end":{"line":54,"column":null}},"12":{"start":{"line":53,"column":16},"end":{"line":53,"column":null}},"13":{"start":{"line":55,"column":12},"end":{"line":55,"column":32}},"14":{"start":{"line":56,"column":12},"end":{"line":56,"column":null}},"15":{"start":{"line":57,"column":15},"end":{"line":59,"column":null}},"16":{"start":{"line":58,"column":12},"end":{"line":58,"column":null}},"17":{"start":{"line":66,"column":8},"end":{"line":66,"column":12}},"18":{"start":{"line":67,"column":8},"end":{"line":67,"column":12}},"19":{"start":{"line":68,"column":8},"end":{"line":68,"column":15}},"20":{"start":{"line":69,"column":12},"end":{"line":69,"column":22}},"21":{"start":{"line":71,"column":8},"end":{"line":126,"column":null}},"22":{"start":{"line":72,"column":26},"end":{"line":72,"column":30}},"23":{"start":{"line":73,"column":30},"end":{"line":73,"column":37}},"24":{"start":{"line":74,"column":16},"end":{"line":74,"column":19}},"25":{"start":{"line":75,"column":16},"end":{"line":75,"column":null}},"26":{"start":{"line":78,"column":12},"end":{"line":78,"column":16}},"27":{"start":{"line":80,"column":12},"end":{"line":80,"column":19}},"28":{"start":{"line":83,"column":16},"end":{"line":83,"column":29}},"29":{"start":{"line":87,"column":16},"end":{"line":97,"column":null}},"30":{"start":{"line":89,"column":37},"end":{"line":89,"column":45}},"31":{"start":{"line":92,"column":20},"end":{"line":94,"column":null}},"32":{"start":{"line":93,"column":24},"end":{"line":93,"column":32}},"33":{"start":{"line":96,"column":20},"end":{"line":96,"column":24}},"34":{"start":{"line":98,"column":16},"end":{"line":101,"column":null}},"35":{"start":{"line":99,"column":20},"end":{"line":99,"column":24}},"36":{"start":{"line":100,"column":20},"end":{"line":100,"column":24}},"37":{"start":{"line":104,"column":27},"end":{"line":104,"column":33}},"38":{"start":{"line":105,"column":16},"end":{"line":105,"column":20}},"39":{"start":{"line":106,"column":20},"end":{"line":109,"column":null}},"40":{"start":{"line":107,"column":37},"end":{"line":107,"column":28}},"41":{"start":{"line":108,"column":24},"end":{"line":108,"column":26}},"42":{"start":{"line":110,"column":20},"end":{"line":112,"column":null}},"43":{"start":{"line":111,"column":24},"end":{"line":111,"column":26}},"44":{"start":{"line":117,"column":31},"end":{"line":117,"column":16}},"45":{"start":{"line":118,"column":12},"end":{"line":118,"column":16}},"46":{"start":{"line":119,"column":12},"end":{"line":122,"column":null}},"47":{"start":{"line":120,"column":16},"end":{"line":120,"column":28}},"48":{"start":{"line":121,"column":16},"end":{"line":121,"column":28}},"49":{"start":{"line":124,"column":12},"end":{"line":124,"column":null}},"50":{"start":{"line":125,"column":12},"end":{"line":125,"column":null}},"51":{"start":{"line":133,"column":25},"end":{"line":133,"column":12}},"52":{"start":{"line":134,"column":8},"end":{"line":134,"column":28}},"53":{"start":{"line":135,"column":8},"end":{"line":135,"column":null}},"54":{"start":{"line":142,"column":8},"end":{"line":142,"column":null}},"55":{"start":{"line":143,"column":8},"end":{"line":143,"column":null}},"56":{"start":{"line":144,"column":8},"end":{"line":144,"column":15}},"57":{"start":{"line":151,"column":28},"end":{"line":151,"column":null}},"58":{"start":{"line":154,"column":8},"end":{"line":158,"column":null}},"59":{"start":{"line":155,"column":12},"end":{"line":155,"column":23}},"60":{"start":{"line":156,"column":16},"end":{"line":156,"column":21}},"61":{"start":{"line":159,"column":8},"end":{"line":159,"column":null}},"62":{"start":{"line":5,"column":0},"end":{"line":5,"column":15}}},"fnMap":{"0":{"name":"(anonymous_3)","decl":{"start":{"line":5,"column":60},"end":{"line":5,"column":null}},"loc":{"start":{"line":5,"column":60},"end":{"line":5,"column":null}}},"1":{"name":"(anonymous_4)","decl":{"start":{"line":35,"column":4},"end":{"line":35,"column":20}},"loc":{"start":{"line":35,"column":29},"end":{"line":60,"column":null}}},"2":{"name":"(anonymous_5)","decl":{"start":{"line":44,"column":32},"end":{"line":44,"column":39}},"loc":{"start":{"line":44,"column":43},"end":{"line":44,"column":23}}},"3":{"name":"(anonymous_6)","decl":{"start":{"line":65,"column":4},"end":{"line":65,"column":19}},"loc":{"start":{"line":65,"column":43},"end":{"line":127,"column":null}}},"4":{"name":"(anonymous_7)","decl":{"start":{"line":68,"column":24},"end":{"line":68,"column":27}},"loc":{"start":{"line":68,"column":31},"end":{"line":68,"column":15}}},"5":{"name":"(anonymous_8)","decl":{"start":{"line":73,"column":45},"end":{"line":73,"column":61}},"loc":{"start":{"line":73,"column":61},"end":{"line":73,"column":37}}},"6":{"name":"(anonymous_9)","decl":{"start":{"line":80,"column":28},"end":{"line":80,"column":30}},"loc":{"start":{"line":80,"column":34},"end":{"line":71,"column":null}}},"7":{"name":"(anonymous_10)","decl":{"start":{"line":105,"column":29},"end":{"line":105,"column":32}},"loc":{"start":{"line":105,"column":36},"end":{"line":105,"column":20}}},"8":{"name":"(anonymous_11)","decl":{"start":{"line":132,"column":4},"end":{"line":132,"column":19}},"loc":{"start":{"line":132,"column":28},"end":{"line":136,"column":null}}},"9":{"name":"(anonymous_12)","decl":{"start":{"line":141,"column":4},"end":{"line":141,"column":17}},"loc":{"start":{"line":141,"column":24},"end":{"line":145,"column":null}}},"10":{"name":"(anonymous_13)","decl":{"start":{"line":150,"column":4},"end":{"line":150,"column":15}},"loc":{"start":{"line":150,"column":23},"end":{"line":160,"column":null}}},"11":{"name":"(anonymous_14)","decl":{"start":{"line":155,"column":32},"end":{"line":155,"column":37}},"loc":{"start":{"line":155,"column":41},"end":{"line":155,"column":23}}}},"branchMap":{"0":{"loc":{"start":{"line":38,"column":8},"end":{"line":59,"column":null}},"type":"if","locations":[{"start":{"line":38,"column":8},"end":{"line":59,"column":null}},{"start":{"line":38,"column":8},"end":{"line":59,"column":null}}]},"1":{"loc":{"start":{"line":46,"column":16},"end":{"line":48,"column":null}},"type":"if","locations":[{"start":{"line":46,"column":16},"end":{"line":48,"column":null}},{"start":{"line":46,"column":16},"end":{"line":48,"column":null}}]},"2":{"loc":{"start":{"line":52,"column":12},"end":{"line":54,"column":null}},"type":"if","locations":[{"start":{"line":52,"column":12},"end":{"line":54,"column":null}},{"start":{"line":52,"column":12},"end":{"line":54,"column":null}}]},"3":{"loc":{"start":{"line":57,"column":15},"end":{"line":59,"column":null}},"type":"if","locations":[{"start":{"line":57,"column":15},"end":{"line":59,"column":null}},{"start":{"line":57,"column":15},"end":{"line":59,"column":null}}]},"4":{"loc":{"start":{"line":71,"column":8},"end":{"line":126,"column":null}},"type":"if","locations":[{"start":{"line":71,"column":8},"end":{"line":126,"column":null}},{"start":{"line":71,"column":8},"end":{"line":126,"column":null}}]},"5":{"loc":{"start":{"line":87,"column":16},"end":{"line":97,"column":null}},"type":"if","locations":[{"start":{"line":87,"column":16},"end":{"line":97,"column":null}},{"start":{"line":87,"column":16},"end":{"line":97,"column":null}}]},"6":{"loc":{"start":{"line":92,"column":20},"end":{"line":94,"column":null}},"type":"if","locations":[{"start":{"line":92,"column":20},"end":{"line":94,"column":null}},{"start":{"line":92,"column":20},"end":{"line":94,"column":null}}]},"7":{"loc":{"start":{"line":93,"column":50},"end":{"line":93,"column":58}},"type":"binary-expr","locations":[{"start":{"line":93,"column":50},"end":{"line":93,"column":58}},{"start":{"line":93,"column":45},"end":{"line":93,"column":46}}]},"8":{"loc":{"start":{"line":98,"column":16},"end":{"line":101,"column":null}},"type":"if","locations":[{"start":{"line":98,"column":16},"end":{"line":101,"column":null}},{"start":{"line":98,"column":16},"end":{"line":101,"column":null}}]},"9":{"loc":{"start":{"line":106,"column":20},"end":{"line":109,"column":null}},"type":"if","locations":[{"start":{"line":106,"column":20},"end":{"line":109,"column":null}},{"start":{"line":106,"column":20},"end":{"line":109,"column":null}}]},"10":{"loc":{"start":{"line":110,"column":20},"end":{"line":112,"column":null}},"type":"if","locations":[{"start":{"line":110,"column":20},"end":{"line":112,"column":null}},{"start":{"line":110,"column":20},"end":{"line":112,"column":null}}]},"11":{"loc":{"start":{"line":154,"column":8},"end":{"line":158,"column":null}},"type":"if","locations":[{"start":{"line":154,"column":8},"end":{"line":158,"column":null}},{"start":{"line":154,"column":8},"end":{"line":158,"column":null}}]}},"s":{"0":34,"1":4,"2":4,"3":2,"4":2,"5":2,"6":2,"7":10,"8":2,"9":2,"10":2,"11":2,"12":1,"13":2,"14":2,"15":2,"16":0,"17":2,"18":2,"19":2,"20":10,"21":2,"22":2,"23":2,"24":10,"25":10,"26":2,"27":2,"28":10,"29":10,"30":4,"31":4,"32":4,"33":6,"34":10,"35":10,"36":10,"37":10,"38":10,"39":71,"40":13,"41":13,"42":71,"43":20,"44":2,"45":2,"46":2,"47":3,"48":3,"49":2,"50":2,"51":0,"52":0,"53":0,"54":0,"55":0,"56":0,"57":1,"58":1,"59":1,"60":5,"61":1,"62":1},"f":{"0":2,"1":4,"2":10,"3":2,"4":10,"5":10,"6":10,"7":71,"8":0,"9":0,"10":1,"11":5},"b":{"0":[2,2],"1":[2,8],"2":[1,1],"3":[0,2],"4":[2,0],"5":[4,6],"6":[4,0],"7":[4,4],"8":[10,0],"9":[13,58],"10":[20,51],"11":[1,0]}}
}
