TN:
SF:force-app/main/default/lwc/heirarchyView/heirarchyView.js
FN:5,(anonymous_3)
FN:35,(anonymous_4)
FN:44,(anonymous_5)
FN:65,(anonymous_6)
FN:68,(anonymous_7)
FN:73,(anonymous_8)
FN:80,(anonymous_9)
FN:105,(anonymous_10)
FN:132,(anonymous_11)
FN:141,(anonymous_12)
FN:150,(anonymous_13)
FN:155,(anonymous_14)
FNF:12
FNH:10
FNDA:2,(anonymous_3)
FNDA:4,(anonymous_4)
FNDA:10,(anonymous_5)
FNDA:2,(anonymous_6)
FNDA:10,(anonymous_7)
FNDA:10,(anonymous_8)
FNDA:10,(anonymous_9)
FNDA:71,(anonymous_10)
FNDA:0,(anonymous_11)
FNDA:0,(anonymous_12)
FNDA:1,(anonymous_13)
FNDA:5,(anonymous_14)
DA:5,34
DA:36,4
DA:38,4
DA:39,2
DA:41,2
DA:43,2
DA:44,2
DA:46,10
DA:47,2
DA:50,2
DA:51,2
DA:52,2
DA:53,1
DA:55,2
DA:56,2
DA:57,2
DA:58,0
DA:66,2
DA:67,2
DA:68,2
DA:69,10
DA:71,2
DA:72,2
DA:73,2
DA:74,10
DA:75,10
DA:78,2
DA:80,2
DA:83,10
DA:87,10
DA:89,4
DA:92,4
DA:93,4
DA:96,6
DA:98,10
DA:99,10
DA:100,10
DA:104,10
DA:105,10
DA:106,71
DA:107,13
DA:108,13
DA:110,71
DA:111,20
DA:117,2
DA:118,2
DA:119,2
DA:120,3
DA:121,3
DA:124,2
DA:125,2
DA:133,0
DA:134,0
DA:135,0
DA:142,0
DA:143,0
DA:144,0
DA:151,1
DA:154,1
DA:155,1
DA:156,5
DA:159,1
LF:62
LH:55
BRDA:38,0,0,2
BRDA:38,0,1,2
BRDA:46,1,0,2
BRDA:46,1,1,8
BRDA:52,2,0,1
BRDA:52,2,1,1
BRDA:57,3,0,0
BRDA:57,3,1,2
BRDA:71,4,0,2
BRDA:71,4,1,0
BRDA:87,5,0,4
BRDA:87,5,1,6
BRDA:92,6,0,4
BRDA:92,6,1,0
BRDA:93,7,0,4
BRDA:93,7,1,4
BRDA:98,8,0,10
BRDA:98,8,1,0
BRDA:106,9,0,13
BRDA:106,9,1,58
BRDA:110,10,0,20
BRDA:110,10,1,51
BRDA:154,11,0,1
BRDA:154,11,1,0
BRF:24
BRH:19
end_of_record
